2023-11-03 15:36:12 DEBUG InternalLoggerFactory:89 - Using Log4J as the default logging framework
2023-11-03 15:36:12 DEBUG ResourceLeakDetector:129 - -Dio.netty.leakDetection.level: simple
2023-11-03 15:36:12 DEBUG ResourceLeakDetector:130 - -Dio.netty.leakDetection.targetRecords: 4
2023-11-03 15:36:12 DEBUG ResourceLeakDetectorFactory:196 - Loaded default ResourceLeakDetector: io.netty.util.ResourceLeakDetector@64693226
2023-11-03 15:36:12 DEBUG PlatformDependent0:497 - -Dio.netty.noUnsafe: false
2023-11-03 15:36:12 DEBUG PlatformDependent0:1001 - Java version: 11
2023-11-03 15:36:12 DEBUG PlatformDependent0:137 - sun.misc.Unsafe.theUnsafe: available
2023-11-03 15:36:12 DEBUG PlatformDependent0:161 - sun.misc.Unsafe.copyMemory: available
2023-11-03 15:36:12 DEBUG PlatformDependent0:193 - sun.misc.Unsafe.storeFence: available
2023-11-03 15:36:12 DEBUG PlatformDependent0:236 - java.nio.Buffer.address: available
2023-11-03 15:36:12 DEBUG PlatformDependent0:321 - direct buffer constructor: unavailable: Reflective setAccessible(true) disabled
2023-11-03 15:36:12 DEBUG PlatformDependent0:386 - java.nio.Bits.unaligned: available, true
2023-11-03 15:36:12 DEBUG PlatformDependent0:453 - jdk.internal.misc.Unsafe.allocateUninitializedArray(int): unavailable: class io.netty.util.internal.PlatformDependent0$7 cannot access class jdk.internal.misc.Unsafe (in module java.base) because module java.base does not export jdk.internal.misc to unnamed module @588307f7
2023-11-03 15:36:12 DEBUG PlatformDependent0:483 - java.nio.DirectByteBuffer.<init>(long, {int,long}): unavailable
2023-11-03 15:36:12 DEBUG PlatformDependent:1159 - sun.misc.Unsafe: available
2023-11-03 15:36:12 DEBUG PlatformDependent:1270 - maxDirectMemory: 1038090240 bytes (maybe)
2023-11-03 15:36:12 DEBUG PlatformDependent:1289 - -Dio.netty.tmpdir: C:\WINDOWS\TEMP (java.io.tmpdir)
2023-11-03 15:36:12 DEBUG PlatformDependent:1368 - -Dio.netty.bitMode: 64 (sun.arch.data.model)
2023-11-03 15:36:12 DEBUG PlatformDependent:1119 - Platform: Windows
2023-11-03 15:36:12 DEBUG PlatformDependent:178 - -Dio.netty.maxDirectMemory: -1 bytes
2023-11-03 15:36:12 DEBUG PlatformDependent:185 - -Dio.netty.uninitializedArrayAllocationThreshold: -1
2023-11-03 15:36:12 DEBUG CleanerJava9:71 - java.nio.ByteBuffer.cleaner(): available
2023-11-03 15:36:12 DEBUG PlatformDependent:205 - -Dio.netty.noPreferDirect: false
2023-11-03 15:36:12 DEBUG PlatformDependent:1010 - org.jctools-core.MpscChunkedArrayQueue: available
2023-11-03 15:36:12 DEBUG InternalThreadLocalMap:100 - -Dio.netty.threadLocalMap.stringBuilder.initialSize: 1024
2023-11-03 15:36:12 DEBUG InternalThreadLocalMap:101 - -Dio.netty.threadLocalMap.stringBuilder.maxSize: 4096
2023-11-03 15:36:12 DEBUG JdkSslContext:83 - Default protocols (JDK): [TLSv1.3, TLSv1.2] 
2023-11-03 15:36:12 DEBUG JdkSslContext:84 - Default cipher suites (JDK): [TLS_ECDHE_ECDSA_WITH_AES_256_GCM_SHA384, TLS_ECDHE_ECDSA_WITH_AES_128_GCM_SHA256, TLS_ECDHE_RSA_WITH_AES_128_GCM_SHA256, TLS_ECDHE_RSA_WITH_AES_256_GCM_SHA384, TLS_ECDHE_RSA_WITH_AES_128_CBC_SHA, TLS_ECDHE_RSA_WITH_AES_256_CBC_SHA, TLS_RSA_WITH_AES_128_GCM_SHA256, TLS_RSA_WITH_AES_128_CBC_SHA, TLS_RSA_WITH_AES_256_CBC_SHA, TLS_AES_128_GCM_SHA256, TLS_AES_256_GCM_SHA384]
2023-11-03 15:36:12 DEBUG GlobalEventExecutor:53 - -Dio.netty.globalEventExecutor.quietPeriodSeconds: 1
2023-11-03 15:36:12 DEBUG MultithreadEventLoopGroup:44 - -Dio.netty.eventLoopThreads: 8
2023-11-03 15:36:12 DEBUG NioEventLoop:110 - -Dio.netty.noKeySetOptimization: false
2023-11-03 15:36:12 DEBUG NioEventLoop:111 - -Dio.netty.selectorAutoRebuildThreshold: 512
2023-11-03 15:36:13 DEBUG PooledByteBufAllocator:157 - -Dio.netty.allocator.numHeapArenas: 8
2023-11-03 15:36:13 DEBUG PooledByteBufAllocator:158 - -Dio.netty.allocator.numDirectArenas: 8
2023-11-03 15:36:13 DEBUG PooledByteBufAllocator:160 - -Dio.netty.allocator.pageSize: 8192
2023-11-03 15:36:13 DEBUG PooledByteBufAllocator:165 - -Dio.netty.allocator.maxOrder: 9
2023-11-03 15:36:13 DEBUG PooledByteBufAllocator:169 - -Dio.netty.allocator.chunkSize: 4194304
2023-11-03 15:36:13 DEBUG PooledByteBufAllocator:170 - -Dio.netty.allocator.smallCacheSize: 256
2023-11-03 15:36:13 DEBUG PooledByteBufAllocator:171 - -Dio.netty.allocator.normalCacheSize: 64
2023-11-03 15:36:13 DEBUG PooledByteBufAllocator:172 - -Dio.netty.allocator.maxCachedBufferCapacity: 32768
2023-11-03 15:36:13 DEBUG PooledByteBufAllocator:173 - -Dio.netty.allocator.cacheTrimInterval: 8192
2023-11-03 15:36:13 DEBUG PooledByteBufAllocator:174 - -Dio.netty.allocator.cacheTrimIntervalMillis: 0
2023-11-03 15:36:13 DEBUG PooledByteBufAllocator:175 - -Dio.netty.allocator.useCacheForAllThreads: false
2023-11-03 15:36:13 DEBUG PooledByteBufAllocator:176 - -Dio.netty.allocator.maxCachedByteBuffersPerChunk: 1023
2023-11-03 15:36:13 DEBUG ByteBufUtil:89 - -Dio.netty.allocator.type: pooled
2023-11-03 15:36:13 DEBUG ByteBufUtil:98 - -Dio.netty.threadLocalDirectBufferSize: 0
2023-11-03 15:36:13 DEBUG ByteBufUtil:101 - -Dio.netty.maxThreadLocalCharBufferSize: 16384
2023-11-03 15:36:21 DEBUG DefaultChannelId:79 - -Dio.netty.processId: 5424 (auto-detected)
2023-11-03 15:36:21 DEBUG NetUtil:148 - -Djava.net.preferIPv4Stack: false
2023-11-03 15:36:21 DEBUG NetUtil:149 - -Djava.net.preferIPv6Addresses: false
2023-11-03 15:36:21 DEBUG NetUtilInitializations:145 - Loopback interface: lo (Software Loopback Interface 1, 127.0.0.1)
2023-11-03 15:36:21 DEBUG NetUtil:206 - Failed to get SOMAXCONN from sysctl and file \proc\sys\net\core\somaxconn. Default: 200
2023-11-03 15:36:21 DEBUG DefaultChannelId:101 - -Dio.netty.machineId: 30:52:cb:ff:fe:74:89:db (auto-detected)
2023-11-03 15:36:21 DEBUG AbstractByteBuf:63 - -Dio.netty.buffer.checkAccessible: true
2023-11-03 15:36:21 DEBUG AbstractByteBuf:64 - -Dio.netty.buffer.checkBounds: true
2023-11-03 15:36:21 DEBUG ResourceLeakDetectorFactory:196 - Loaded default ResourceLeakDetector: io.netty.util.ResourceLeakDetector@6ddf849b
2023-11-03 15:36:21 DEBUG Recycler:96 - -Dio.netty.recycler.maxCapacityPerThread: 4096
2023-11-03 15:36:21 DEBUG Recycler:97 - -Dio.netty.recycler.ratio: 8
2023-11-03 15:36:21 DEBUG Recycler:98 - -Dio.netty.recycler.chunkSize: 32
2023-11-03 15:36:21 DEBUG Recycler:99 - -Dio.netty.recycler.blocking: false
2023-11-03 15:36:21 DEBUG Recycler:100 - -Dio.netty.recycler.batchFastThreadLocalOnly: true
2023-11-03 15:36:45 DEBUG Brotli:38 - brotli4j not in the classpath; Brotli support will be unavailable.
2023-11-03 15:36:46 DEBUG ThreadLocalRandom:214 - -Dio.netty.initialSeedUniquifier: 0x34c9df373f84e32e
2023-11-03 15:38:10 DEBUG InternalLoggerFactory:89 - Using Log4J as the default logging framework
2023-11-03 15:38:10 DEBUG ResourceLeakDetector:129 - -Dio.netty.leakDetection.level: simple
2023-11-03 15:38:10 DEBUG ResourceLeakDetector:130 - -Dio.netty.leakDetection.targetRecords: 4
2023-11-03 15:38:10 DEBUG ResourceLeakDetectorFactory:196 - Loaded default ResourceLeakDetector: io.netty.util.ResourceLeakDetector@13a37e2a
2023-11-03 15:38:11 DEBUG PlatformDependent0:497 - -Dio.netty.noUnsafe: false
2023-11-03 15:38:11 DEBUG PlatformDependent0:1001 - Java version: 11
2023-11-03 15:38:11 DEBUG PlatformDependent0:137 - sun.misc.Unsafe.theUnsafe: available
2023-11-03 15:38:11 DEBUG PlatformDependent0:161 - sun.misc.Unsafe.copyMemory: available
2023-11-03 15:38:11 DEBUG PlatformDependent0:193 - sun.misc.Unsafe.storeFence: available
2023-11-03 15:38:11 DEBUG PlatformDependent0:236 - java.nio.Buffer.address: available
2023-11-03 15:38:11 DEBUG PlatformDependent0:321 - direct buffer constructor: unavailable: Reflective setAccessible(true) disabled
2023-11-03 15:38:11 DEBUG PlatformDependent0:386 - java.nio.Bits.unaligned: available, true
2023-11-03 15:38:11 DEBUG PlatformDependent0:453 - jdk.internal.misc.Unsafe.allocateUninitializedArray(int): unavailable: class io.netty.util.internal.PlatformDependent0$7 cannot access class jdk.internal.misc.Unsafe (in module java.base) because module java.base does not export jdk.internal.misc to unnamed module @6de30571
2023-11-03 15:38:11 DEBUG PlatformDependent0:483 - java.nio.DirectByteBuffer.<init>(long, {int,long}): unavailable
2023-11-03 15:38:11 DEBUG PlatformDependent:1159 - sun.misc.Unsafe: available
2023-11-03 15:38:11 DEBUG PlatformDependent:1270 - maxDirectMemory: 1038090240 bytes (maybe)
2023-11-03 15:38:11 DEBUG PlatformDependent:1289 - -Dio.netty.tmpdir: C:\WINDOWS\TEMP (java.io.tmpdir)
2023-11-03 15:38:11 DEBUG PlatformDependent:1368 - -Dio.netty.bitMode: 64 (sun.arch.data.model)
2023-11-03 15:38:11 DEBUG PlatformDependent:1119 - Platform: Windows
2023-11-03 15:38:11 DEBUG PlatformDependent:178 - -Dio.netty.maxDirectMemory: -1 bytes
2023-11-03 15:38:11 DEBUG PlatformDependent:185 - -Dio.netty.uninitializedArrayAllocationThreshold: -1
2023-11-03 15:38:11 DEBUG CleanerJava9:71 - java.nio.ByteBuffer.cleaner(): available
2023-11-03 15:38:11 DEBUG PlatformDependent:205 - -Dio.netty.noPreferDirect: false
2023-11-03 15:38:11 DEBUG PlatformDependent:1010 - org.jctools-core.MpscChunkedArrayQueue: available
2023-11-03 15:38:11 DEBUG InternalThreadLocalMap:100 - -Dio.netty.threadLocalMap.stringBuilder.initialSize: 1024
2023-11-03 15:38:11 DEBUG InternalThreadLocalMap:101 - -Dio.netty.threadLocalMap.stringBuilder.maxSize: 4096
2023-11-03 15:38:11 DEBUG JdkSslContext:83 - Default protocols (JDK): [TLSv1.3, TLSv1.2] 
2023-11-03 15:38:11 DEBUG JdkSslContext:84 - Default cipher suites (JDK): [TLS_ECDHE_ECDSA_WITH_AES_256_GCM_SHA384, TLS_ECDHE_ECDSA_WITH_AES_128_GCM_SHA256, TLS_ECDHE_RSA_WITH_AES_128_GCM_SHA256, TLS_ECDHE_RSA_WITH_AES_256_GCM_SHA384, TLS_ECDHE_RSA_WITH_AES_128_CBC_SHA, TLS_ECDHE_RSA_WITH_AES_256_CBC_SHA, TLS_RSA_WITH_AES_128_GCM_SHA256, TLS_RSA_WITH_AES_128_CBC_SHA, TLS_RSA_WITH_AES_256_CBC_SHA, TLS_AES_128_GCM_SHA256, TLS_AES_256_GCM_SHA384]
2023-11-03 15:38:11 DEBUG GlobalEventExecutor:53 - -Dio.netty.globalEventExecutor.quietPeriodSeconds: 1
2023-11-03 15:38:11 DEBUG MultithreadEventLoopGroup:44 - -Dio.netty.eventLoopThreads: 8
2023-11-03 15:38:11 DEBUG NioEventLoop:110 - -Dio.netty.noKeySetOptimization: false
2023-11-03 15:38:11 DEBUG NioEventLoop:111 - -Dio.netty.selectorAutoRebuildThreshold: 512
2023-11-03 15:38:11 DEBUG PooledByteBufAllocator:157 - -Dio.netty.allocator.numHeapArenas: 8
2023-11-03 15:38:11 DEBUG PooledByteBufAllocator:158 - -Dio.netty.allocator.numDirectArenas: 8
2023-11-03 15:38:11 DEBUG PooledByteBufAllocator:160 - -Dio.netty.allocator.pageSize: 8192
2023-11-03 15:38:11 DEBUG PooledByteBufAllocator:165 - -Dio.netty.allocator.maxOrder: 9
2023-11-03 15:38:11 DEBUG PooledByteBufAllocator:169 - -Dio.netty.allocator.chunkSize: 4194304
2023-11-03 15:38:11 DEBUG PooledByteBufAllocator:170 - -Dio.netty.allocator.smallCacheSize: 256
2023-11-03 15:38:11 DEBUG PooledByteBufAllocator:171 - -Dio.netty.allocator.normalCacheSize: 64
2023-11-03 15:38:11 DEBUG PooledByteBufAllocator:172 - -Dio.netty.allocator.maxCachedBufferCapacity: 32768
2023-11-03 15:38:11 DEBUG PooledByteBufAllocator:173 - -Dio.netty.allocator.cacheTrimInterval: 8192
2023-11-03 15:38:11 DEBUG PooledByteBufAllocator:174 - -Dio.netty.allocator.cacheTrimIntervalMillis: 0
2023-11-03 15:38:11 DEBUG PooledByteBufAllocator:175 - -Dio.netty.allocator.useCacheForAllThreads: false
2023-11-03 15:38:11 DEBUG PooledByteBufAllocator:176 - -Dio.netty.allocator.maxCachedByteBuffersPerChunk: 1023
2023-11-03 15:38:11 DEBUG ByteBufUtil:89 - -Dio.netty.allocator.type: pooled
2023-11-03 15:38:11 DEBUG ByteBufUtil:98 - -Dio.netty.threadLocalDirectBufferSize: 0
2023-11-03 15:38:11 DEBUG ByteBufUtil:101 - -Dio.netty.maxThreadLocalCharBufferSize: 16384
2023-11-03 15:38:11 DEBUG DefaultChannelId:79 - -Dio.netty.processId: 5344 (auto-detected)
2023-11-03 15:38:11 DEBUG NetUtil:148 - -Djava.net.preferIPv4Stack: false
2023-11-03 15:38:11 DEBUG NetUtil:149 - -Djava.net.preferIPv6Addresses: false
2023-11-03 15:38:12 DEBUG NetUtilInitializations:145 - Loopback interface: lo (Software Loopback Interface 1, 127.0.0.1)
2023-11-03 15:38:12 DEBUG NetUtil:206 - Failed to get SOMAXCONN from sysctl and file \proc\sys\net\core\somaxconn. Default: 200
2023-11-03 15:38:12 DEBUG DefaultChannelId:101 - -Dio.netty.machineId: 30:52:cb:ff:fe:74:89:db (auto-detected)
2023-11-03 15:38:12 DEBUG AbstractByteBuf:63 - -Dio.netty.buffer.checkAccessible: true
2023-11-03 15:38:12 DEBUG AbstractByteBuf:64 - -Dio.netty.buffer.checkBounds: true
2023-11-03 15:38:12 DEBUG ResourceLeakDetectorFactory:196 - Loaded default ResourceLeakDetector: io.netty.util.ResourceLeakDetector@2d24386e
2023-11-03 15:38:12 DEBUG Recycler:96 - -Dio.netty.recycler.maxCapacityPerThread: 4096
2023-11-03 15:38:12 DEBUG Recycler:97 - -Dio.netty.recycler.ratio: 8
2023-11-03 15:38:12 DEBUG Recycler:98 - -Dio.netty.recycler.chunkSize: 32
2023-11-03 15:38:12 DEBUG Recycler:99 - -Dio.netty.recycler.blocking: false
2023-11-03 15:38:12 DEBUG Recycler:100 - -Dio.netty.recycler.batchFastThreadLocalOnly: true
2023-11-03 15:38:13 DEBUG Brotli:38 - brotli4j not in the classpath; Brotli support will be unavailable.
2023-11-03 15:38:14 DEBUG ThreadLocalRandom:214 - -Dio.netty.initialSeedUniquifier: 0xf30a95bae43260d7
2023-11-03 15:39:44 DEBUG InternalLoggerFactory:89 - Using Log4J as the default logging framework
2023-11-03 15:39:44 DEBUG ResourceLeakDetector:129 - -Dio.netty.leakDetection.level: simple
2023-11-03 15:39:44 DEBUG ResourceLeakDetector:130 - -Dio.netty.leakDetection.targetRecords: 4
2023-11-03 15:39:44 DEBUG ResourceLeakDetectorFactory:196 - Loaded default ResourceLeakDetector: io.netty.util.ResourceLeakDetector@5972d253
2023-11-03 15:39:44 DEBUG PlatformDependent0:497 - -Dio.netty.noUnsafe: false
2023-11-03 15:39:44 DEBUG PlatformDependent0:1001 - Java version: 11
2023-11-03 15:39:44 DEBUG PlatformDependent0:137 - sun.misc.Unsafe.theUnsafe: available
2023-11-03 15:39:44 DEBUG PlatformDependent0:161 - sun.misc.Unsafe.copyMemory: available
2023-11-03 15:39:44 DEBUG PlatformDependent0:193 - sun.misc.Unsafe.storeFence: available
2023-11-03 15:39:44 DEBUG PlatformDependent0:236 - java.nio.Buffer.address: available
2023-11-03 15:39:44 DEBUG PlatformDependent0:321 - direct buffer constructor: unavailable: Reflective setAccessible(true) disabled
2023-11-03 15:39:44 DEBUG PlatformDependent0:386 - java.nio.Bits.unaligned: available, true
2023-11-03 15:39:44 DEBUG PlatformDependent0:453 - jdk.internal.misc.Unsafe.allocateUninitializedArray(int): unavailable: class io.netty.util.internal.PlatformDependent0$7 cannot access class jdk.internal.misc.Unsafe (in module java.base) because module java.base does not export jdk.internal.misc to unnamed module @7906578e
2023-11-03 15:39:44 DEBUG PlatformDependent0:483 - java.nio.DirectByteBuffer.<init>(long, {int,long}): unavailable
2023-11-03 15:39:44 DEBUG PlatformDependent:1159 - sun.misc.Unsafe: available
2023-11-03 15:39:44 DEBUG PlatformDependent:1270 - maxDirectMemory: 1038090240 bytes (maybe)
2023-11-03 15:39:44 DEBUG PlatformDependent:1289 - -Dio.netty.tmpdir: C:\WINDOWS\TEMP (java.io.tmpdir)
2023-11-03 15:39:44 DEBUG PlatformDependent:1368 - -Dio.netty.bitMode: 64 (sun.arch.data.model)
2023-11-03 15:39:44 DEBUG PlatformDependent:1119 - Platform: Windows
2023-11-03 15:39:44 DEBUG PlatformDependent:178 - -Dio.netty.maxDirectMemory: -1 bytes
2023-11-03 15:39:44 DEBUG PlatformDependent:185 - -Dio.netty.uninitializedArrayAllocationThreshold: -1
2023-11-03 15:39:44 DEBUG CleanerJava9:71 - java.nio.ByteBuffer.cleaner(): available
2023-11-03 15:39:44 DEBUG PlatformDependent:205 - -Dio.netty.noPreferDirect: false
2023-11-03 15:39:44 DEBUG PlatformDependent:1010 - org.jctools-core.MpscChunkedArrayQueue: available
2023-11-03 15:39:44 DEBUG InternalThreadLocalMap:100 - -Dio.netty.threadLocalMap.stringBuilder.initialSize: 1024
2023-11-03 15:39:44 DEBUG InternalThreadLocalMap:101 - -Dio.netty.threadLocalMap.stringBuilder.maxSize: 4096
2023-11-03 15:39:44 DEBUG JdkSslContext:83 - Default protocols (JDK): [TLSv1.3, TLSv1.2] 
2023-11-03 15:39:44 DEBUG JdkSslContext:84 - Default cipher suites (JDK): [TLS_ECDHE_ECDSA_WITH_AES_256_GCM_SHA384, TLS_ECDHE_ECDSA_WITH_AES_128_GCM_SHA256, TLS_ECDHE_RSA_WITH_AES_128_GCM_SHA256, TLS_ECDHE_RSA_WITH_AES_256_GCM_SHA384, TLS_ECDHE_RSA_WITH_AES_128_CBC_SHA, TLS_ECDHE_RSA_WITH_AES_256_CBC_SHA, TLS_RSA_WITH_AES_128_GCM_SHA256, TLS_RSA_WITH_AES_128_CBC_SHA, TLS_RSA_WITH_AES_256_CBC_SHA, TLS_AES_128_GCM_SHA256, TLS_AES_256_GCM_SHA384]
2023-11-03 15:39:44 DEBUG GlobalEventExecutor:53 - -Dio.netty.globalEventExecutor.quietPeriodSeconds: 1
2023-11-03 15:39:44 DEBUG MultithreadEventLoopGroup:44 - -Dio.netty.eventLoopThreads: 8
2023-11-03 15:39:44 DEBUG NioEventLoop:110 - -Dio.netty.noKeySetOptimization: false
2023-11-03 15:39:44 DEBUG NioEventLoop:111 - -Dio.netty.selectorAutoRebuildThreshold: 512
2023-11-03 15:39:44 DEBUG PooledByteBufAllocator:157 - -Dio.netty.allocator.numHeapArenas: 8
2023-11-03 15:39:44 DEBUG PooledByteBufAllocator:158 - -Dio.netty.allocator.numDirectArenas: 8
2023-11-03 15:39:44 DEBUG PooledByteBufAllocator:160 - -Dio.netty.allocator.pageSize: 8192
2023-11-03 15:39:44 DEBUG PooledByteBufAllocator:165 - -Dio.netty.allocator.maxOrder: 9
2023-11-03 15:39:44 DEBUG PooledByteBufAllocator:169 - -Dio.netty.allocator.chunkSize: 4194304
2023-11-03 15:39:44 DEBUG PooledByteBufAllocator:170 - -Dio.netty.allocator.smallCacheSize: 256
2023-11-03 15:39:44 DEBUG PooledByteBufAllocator:171 - -Dio.netty.allocator.normalCacheSize: 64
2023-11-03 15:39:44 DEBUG PooledByteBufAllocator:172 - -Dio.netty.allocator.maxCachedBufferCapacity: 32768
2023-11-03 15:39:44 DEBUG PooledByteBufAllocator:173 - -Dio.netty.allocator.cacheTrimInterval: 8192
2023-11-03 15:39:44 DEBUG PooledByteBufAllocator:174 - -Dio.netty.allocator.cacheTrimIntervalMillis: 0
2023-11-03 15:39:44 DEBUG PooledByteBufAllocator:175 - -Dio.netty.allocator.useCacheForAllThreads: false
2023-11-03 15:39:44 DEBUG PooledByteBufAllocator:176 - -Dio.netty.allocator.maxCachedByteBuffersPerChunk: 1023
2023-11-03 15:39:44 DEBUG ByteBufUtil:89 - -Dio.netty.allocator.type: pooled
2023-11-03 15:39:44 DEBUG ByteBufUtil:98 - -Dio.netty.threadLocalDirectBufferSize: 0
2023-11-03 15:39:44 DEBUG ByteBufUtil:101 - -Dio.netty.maxThreadLocalCharBufferSize: 16384
2023-11-03 15:39:45 DEBUG DefaultChannelId:79 - -Dio.netty.processId: 2136 (auto-detected)
2023-11-03 15:39:45 DEBUG NetUtil:148 - -Djava.net.preferIPv4Stack: false
2023-11-03 15:39:45 DEBUG NetUtil:149 - -Djava.net.preferIPv6Addresses: false
2023-11-03 15:39:45 DEBUG NetUtilInitializations:145 - Loopback interface: lo (Software Loopback Interface 1, 127.0.0.1)
2023-11-03 15:39:45 DEBUG NetUtil:206 - Failed to get SOMAXCONN from sysctl and file \proc\sys\net\core\somaxconn. Default: 200
2023-11-03 15:39:45 DEBUG DefaultChannelId:101 - -Dio.netty.machineId: 30:52:cb:ff:fe:74:89:db (auto-detected)
2023-11-03 15:39:45 DEBUG AbstractByteBuf:63 - -Dio.netty.buffer.checkAccessible: true
2023-11-03 15:39:45 DEBUG AbstractByteBuf:64 - -Dio.netty.buffer.checkBounds: true
2023-11-03 15:39:45 DEBUG ResourceLeakDetectorFactory:196 - Loaded default ResourceLeakDetector: io.netty.util.ResourceLeakDetector@257150f3
2023-11-03 15:39:45 DEBUG Recycler:96 - -Dio.netty.recycler.maxCapacityPerThread: 4096
2023-11-03 15:39:45 DEBUG Recycler:97 - -Dio.netty.recycler.ratio: 8
2023-11-03 15:39:45 DEBUG Recycler:98 - -Dio.netty.recycler.chunkSize: 32
2023-11-03 15:39:45 DEBUG Recycler:99 - -Dio.netty.recycler.blocking: false
2023-11-03 15:39:45 DEBUG Recycler:100 - -Dio.netty.recycler.batchFastThreadLocalOnly: true
2023-11-03 15:39:47 DEBUG Brotli:38 - brotli4j not in the classpath; Brotli support will be unavailable.
2023-11-03 15:39:47 DEBUG ThreadLocalRandom:214 - -Dio.netty.initialSeedUniquifier: 0xa30a053533ed6e8b
2023-11-03 15:40:56 DEBUG InternalLoggerFactory:89 - Using Log4J as the default logging framework
2023-11-03 15:40:56 DEBUG ResourceLeakDetector:129 - -Dio.netty.leakDetection.level: simple
2023-11-03 15:40:56 DEBUG ResourceLeakDetector:130 - -Dio.netty.leakDetection.targetRecords: 4
2023-11-03 15:40:56 DEBUG ResourceLeakDetectorFactory:196 - Loaded default ResourceLeakDetector: io.netty.util.ResourceLeakDetector@4fcc0416
2023-11-03 15:40:56 DEBUG PlatformDependent0:497 - -Dio.netty.noUnsafe: false
2023-11-03 15:40:56 DEBUG PlatformDependent0:1001 - Java version: 11
2023-11-03 15:40:56 DEBUG PlatformDependent0:137 - sun.misc.Unsafe.theUnsafe: available
2023-11-03 15:40:56 DEBUG PlatformDependent0:161 - sun.misc.Unsafe.copyMemory: available
2023-11-03 15:40:56 DEBUG PlatformDependent0:193 - sun.misc.Unsafe.storeFence: available
2023-11-03 15:40:56 DEBUG PlatformDependent0:236 - java.nio.Buffer.address: available
2023-11-03 15:40:56 DEBUG PlatformDependent0:321 - direct buffer constructor: unavailable: Reflective setAccessible(true) disabled
2023-11-03 15:40:56 DEBUG PlatformDependent0:386 - java.nio.Bits.unaligned: available, true
2023-11-03 15:40:56 DEBUG PlatformDependent0:453 - jdk.internal.misc.Unsafe.allocateUninitializedArray(int): unavailable: class io.netty.util.internal.PlatformDependent0$7 cannot access class jdk.internal.misc.Unsafe (in module java.base) because module java.base does not export jdk.internal.misc to unnamed module @8a62297
2023-11-03 15:40:56 DEBUG PlatformDependent0:483 - java.nio.DirectByteBuffer.<init>(long, {int,long}): unavailable
2023-11-03 15:40:56 DEBUG PlatformDependent:1159 - sun.misc.Unsafe: available
2023-11-03 15:40:56 DEBUG PlatformDependent:1270 - maxDirectMemory: 1038090240 bytes (maybe)
2023-11-03 15:40:56 DEBUG PlatformDependent:1289 - -Dio.netty.tmpdir: C:\WINDOWS\TEMP (java.io.tmpdir)
2023-11-03 15:40:56 DEBUG PlatformDependent:1368 - -Dio.netty.bitMode: 64 (sun.arch.data.model)
2023-11-03 15:40:56 DEBUG PlatformDependent:1119 - Platform: Windows
2023-11-03 15:40:56 DEBUG PlatformDependent:178 - -Dio.netty.maxDirectMemory: -1 bytes
2023-11-03 15:40:56 DEBUG PlatformDependent:185 - -Dio.netty.uninitializedArrayAllocationThreshold: -1
2023-11-03 15:40:56 DEBUG CleanerJava9:71 - java.nio.ByteBuffer.cleaner(): available
2023-11-03 15:40:56 DEBUG PlatformDependent:205 - -Dio.netty.noPreferDirect: false
2023-11-03 15:40:56 DEBUG PlatformDependent:1010 - org.jctools-core.MpscChunkedArrayQueue: available
2023-11-03 15:40:56 DEBUG InternalThreadLocalMap:100 - -Dio.netty.threadLocalMap.stringBuilder.initialSize: 1024
2023-11-03 15:40:56 DEBUG InternalThreadLocalMap:101 - -Dio.netty.threadLocalMap.stringBuilder.maxSize: 4096
2023-11-03 15:40:56 DEBUG JdkSslContext:83 - Default protocols (JDK): [TLSv1.3, TLSv1.2] 
2023-11-03 15:40:56 DEBUG JdkSslContext:84 - Default cipher suites (JDK): [TLS_ECDHE_ECDSA_WITH_AES_256_GCM_SHA384, TLS_ECDHE_ECDSA_WITH_AES_128_GCM_SHA256, TLS_ECDHE_RSA_WITH_AES_128_GCM_SHA256, TLS_ECDHE_RSA_WITH_AES_256_GCM_SHA384, TLS_ECDHE_RSA_WITH_AES_128_CBC_SHA, TLS_ECDHE_RSA_WITH_AES_256_CBC_SHA, TLS_RSA_WITH_AES_128_GCM_SHA256, TLS_RSA_WITH_AES_128_CBC_SHA, TLS_RSA_WITH_AES_256_CBC_SHA, TLS_AES_128_GCM_SHA256, TLS_AES_256_GCM_SHA384]
2023-11-03 15:40:56 DEBUG GlobalEventExecutor:53 - -Dio.netty.globalEventExecutor.quietPeriodSeconds: 1
2023-11-03 15:40:56 DEBUG MultithreadEventLoopGroup:44 - -Dio.netty.eventLoopThreads: 8
2023-11-03 15:40:56 DEBUG NioEventLoop:110 - -Dio.netty.noKeySetOptimization: false
2023-11-03 15:40:56 DEBUG NioEventLoop:111 - -Dio.netty.selectorAutoRebuildThreshold: 512
2023-11-03 15:40:56 DEBUG PooledByteBufAllocator:157 - -Dio.netty.allocator.numHeapArenas: 8
2023-11-03 15:40:56 DEBUG PooledByteBufAllocator:158 - -Dio.netty.allocator.numDirectArenas: 8
2023-11-03 15:40:56 DEBUG PooledByteBufAllocator:160 - -Dio.netty.allocator.pageSize: 8192
2023-11-03 15:40:56 DEBUG PooledByteBufAllocator:165 - -Dio.netty.allocator.maxOrder: 9
2023-11-03 15:40:56 DEBUG PooledByteBufAllocator:169 - -Dio.netty.allocator.chunkSize: 4194304
2023-11-03 15:40:56 DEBUG PooledByteBufAllocator:170 - -Dio.netty.allocator.smallCacheSize: 256
2023-11-03 15:40:56 DEBUG PooledByteBufAllocator:171 - -Dio.netty.allocator.normalCacheSize: 64
2023-11-03 15:40:56 DEBUG PooledByteBufAllocator:172 - -Dio.netty.allocator.maxCachedBufferCapacity: 32768
2023-11-03 15:40:56 DEBUG PooledByteBufAllocator:173 - -Dio.netty.allocator.cacheTrimInterval: 8192
2023-11-03 15:40:56 DEBUG PooledByteBufAllocator:174 - -Dio.netty.allocator.cacheTrimIntervalMillis: 0
2023-11-03 15:40:56 DEBUG PooledByteBufAllocator:175 - -Dio.netty.allocator.useCacheForAllThreads: false
2023-11-03 15:40:56 DEBUG PooledByteBufAllocator:176 - -Dio.netty.allocator.maxCachedByteBuffersPerChunk: 1023
2023-11-03 15:40:56 DEBUG ByteBufUtil:89 - -Dio.netty.allocator.type: pooled
2023-11-03 15:40:56 DEBUG ByteBufUtil:98 - -Dio.netty.threadLocalDirectBufferSize: 0
2023-11-03 15:40:56 DEBUG ByteBufUtil:101 - -Dio.netty.maxThreadLocalCharBufferSize: 16384
2023-11-03 15:40:57 DEBUG DefaultChannelId:79 - -Dio.netty.processId: 5632 (auto-detected)
2023-11-03 15:40:57 DEBUG NetUtil:148 - -Djava.net.preferIPv4Stack: false
2023-11-03 15:40:57 DEBUG NetUtil:149 - -Djava.net.preferIPv6Addresses: false
2023-11-03 15:40:57 DEBUG NetUtilInitializations:145 - Loopback interface: lo (Software Loopback Interface 1, 127.0.0.1)
2023-11-03 15:40:57 DEBUG NetUtil:206 - Failed to get SOMAXCONN from sysctl and file \proc\sys\net\core\somaxconn. Default: 200
2023-11-03 15:40:57 DEBUG DefaultChannelId:101 - -Dio.netty.machineId: 30:52:cb:ff:fe:74:89:db (auto-detected)
2023-11-03 15:40:57 DEBUG AbstractByteBuf:63 - -Dio.netty.buffer.checkAccessible: true
2023-11-03 15:40:57 DEBUG AbstractByteBuf:64 - -Dio.netty.buffer.checkBounds: true
2023-11-03 15:40:57 DEBUG ResourceLeakDetectorFactory:196 - Loaded default ResourceLeakDetector: io.netty.util.ResourceLeakDetector@49977904
2023-11-03 15:40:57 DEBUG Recycler:96 - -Dio.netty.recycler.maxCapacityPerThread: 4096
2023-11-03 15:40:57 DEBUG Recycler:97 - -Dio.netty.recycler.ratio: 8
2023-11-03 15:40:57 DEBUG Recycler:98 - -Dio.netty.recycler.chunkSize: 32
2023-11-03 15:40:57 DEBUG Recycler:99 - -Dio.netty.recycler.blocking: false
2023-11-03 15:40:57 DEBUG Recycler:100 - -Dio.netty.recycler.batchFastThreadLocalOnly: true
2023-11-03 15:40:58 DEBUG Brotli:38 - brotli4j not in the classpath; Brotli support will be unavailable.
2023-11-03 15:40:58 DEBUG ThreadLocalRandom:214 - -Dio.netty.initialSeedUniquifier: 0x616f49eff38dce9a
2023-11-03 15:42:23 DEBUG InternalLoggerFactory:89 - Using Log4J as the default logging framework
2023-11-03 15:42:23 DEBUG ResourceLeakDetector:129 - -Dio.netty.leakDetection.level: simple
2023-11-03 15:42:23 DEBUG ResourceLeakDetector:130 - -Dio.netty.leakDetection.targetRecords: 4
2023-11-03 15:42:23 DEBUG ResourceLeakDetectorFactory:196 - Loaded default ResourceLeakDetector: io.netty.util.ResourceLeakDetector@777c350f
2023-11-03 15:42:23 DEBUG PlatformDependent0:497 - -Dio.netty.noUnsafe: false
2023-11-03 15:42:23 DEBUG PlatformDependent0:1001 - Java version: 11
2023-11-03 15:42:23 DEBUG PlatformDependent0:137 - sun.misc.Unsafe.theUnsafe: available
2023-11-03 15:42:23 DEBUG PlatformDependent0:161 - sun.misc.Unsafe.copyMemory: available
2023-11-03 15:42:23 DEBUG PlatformDependent0:193 - sun.misc.Unsafe.storeFence: available
2023-11-03 15:42:23 DEBUG PlatformDependent0:236 - java.nio.Buffer.address: available
2023-11-03 15:42:23 DEBUG PlatformDependent0:321 - direct buffer constructor: unavailable: Reflective setAccessible(true) disabled
2023-11-03 15:42:23 DEBUG PlatformDependent0:386 - java.nio.Bits.unaligned: available, true
2023-11-03 15:42:23 DEBUG PlatformDependent0:453 - jdk.internal.misc.Unsafe.allocateUninitializedArray(int): unavailable: class io.netty.util.internal.PlatformDependent0$7 cannot access class jdk.internal.misc.Unsafe (in module java.base) because module java.base does not export jdk.internal.misc to unnamed module @322803db
2023-11-03 15:42:23 DEBUG PlatformDependent0:483 - java.nio.DirectByteBuffer.<init>(long, {int,long}): unavailable
2023-11-03 15:42:23 DEBUG PlatformDependent:1159 - sun.misc.Unsafe: available
2023-11-03 15:42:23 DEBUG PlatformDependent:1270 - maxDirectMemory: 1038090240 bytes (maybe)
2023-11-03 15:42:23 DEBUG PlatformDependent:1289 - -Dio.netty.tmpdir: C:\WINDOWS\TEMP (java.io.tmpdir)
2023-11-03 15:42:23 DEBUG PlatformDependent:1368 - -Dio.netty.bitMode: 64 (sun.arch.data.model)
2023-11-03 15:42:23 DEBUG PlatformDependent:1119 - Platform: Windows
2023-11-03 15:42:23 DEBUG PlatformDependent:178 - -Dio.netty.maxDirectMemory: -1 bytes
2023-11-03 15:42:23 DEBUG PlatformDependent:185 - -Dio.netty.uninitializedArrayAllocationThreshold: -1
2023-11-03 15:42:23 DEBUG CleanerJava9:71 - java.nio.ByteBuffer.cleaner(): available
2023-11-03 15:42:23 DEBUG PlatformDependent:205 - -Dio.netty.noPreferDirect: false
2023-11-03 15:42:23 DEBUG PlatformDependent:1010 - org.jctools-core.MpscChunkedArrayQueue: available
2023-11-03 15:42:23 DEBUG InternalThreadLocalMap:100 - -Dio.netty.threadLocalMap.stringBuilder.initialSize: 1024
2023-11-03 15:42:23 DEBUG InternalThreadLocalMap:101 - -Dio.netty.threadLocalMap.stringBuilder.maxSize: 4096
2023-11-03 15:42:23 DEBUG JdkSslContext:83 - Default protocols (JDK): [TLSv1.3, TLSv1.2] 
2023-11-03 15:42:23 DEBUG JdkSslContext:84 - Default cipher suites (JDK): [TLS_ECDHE_ECDSA_WITH_AES_256_GCM_SHA384, TLS_ECDHE_ECDSA_WITH_AES_128_GCM_SHA256, TLS_ECDHE_RSA_WITH_AES_128_GCM_SHA256, TLS_ECDHE_RSA_WITH_AES_256_GCM_SHA384, TLS_ECDHE_RSA_WITH_AES_128_CBC_SHA, TLS_ECDHE_RSA_WITH_AES_256_CBC_SHA, TLS_RSA_WITH_AES_128_GCM_SHA256, TLS_RSA_WITH_AES_128_CBC_SHA, TLS_RSA_WITH_AES_256_CBC_SHA, TLS_AES_128_GCM_SHA256, TLS_AES_256_GCM_SHA384]
2023-11-03 15:42:23 DEBUG GlobalEventExecutor:53 - -Dio.netty.globalEventExecutor.quietPeriodSeconds: 1
2023-11-03 15:42:23 DEBUG MultithreadEventLoopGroup:44 - -Dio.netty.eventLoopThreads: 8
2023-11-03 15:42:23 DEBUG NioEventLoop:110 - -Dio.netty.noKeySetOptimization: false
2023-11-03 15:42:23 DEBUG NioEventLoop:111 - -Dio.netty.selectorAutoRebuildThreshold: 512
2023-11-03 15:42:23 DEBUG PooledByteBufAllocator:157 - -Dio.netty.allocator.numHeapArenas: 8
2023-11-03 15:42:23 DEBUG PooledByteBufAllocator:158 - -Dio.netty.allocator.numDirectArenas: 8
2023-11-03 15:42:23 DEBUG PooledByteBufAllocator:160 - -Dio.netty.allocator.pageSize: 8192
2023-11-03 15:42:23 DEBUG PooledByteBufAllocator:165 - -Dio.netty.allocator.maxOrder: 9
2023-11-03 15:42:23 DEBUG PooledByteBufAllocator:169 - -Dio.netty.allocator.chunkSize: 4194304
2023-11-03 15:42:23 DEBUG PooledByteBufAllocator:170 - -Dio.netty.allocator.smallCacheSize: 256
2023-11-03 15:42:23 DEBUG PooledByteBufAllocator:171 - -Dio.netty.allocator.normalCacheSize: 64
2023-11-03 15:42:23 DEBUG PooledByteBufAllocator:172 - -Dio.netty.allocator.maxCachedBufferCapacity: 32768
2023-11-03 15:42:23 DEBUG PooledByteBufAllocator:173 - -Dio.netty.allocator.cacheTrimInterval: 8192
2023-11-03 15:42:23 DEBUG PooledByteBufAllocator:174 - -Dio.netty.allocator.cacheTrimIntervalMillis: 0
2023-11-03 15:42:23 DEBUG PooledByteBufAllocator:175 - -Dio.netty.allocator.useCacheForAllThreads: false
2023-11-03 15:42:23 DEBUG PooledByteBufAllocator:176 - -Dio.netty.allocator.maxCachedByteBuffersPerChunk: 1023
2023-11-03 15:42:23 DEBUG ByteBufUtil:89 - -Dio.netty.allocator.type: pooled
2023-11-03 15:42:23 DEBUG ByteBufUtil:98 - -Dio.netty.threadLocalDirectBufferSize: 0
2023-11-03 15:42:23 DEBUG ByteBufUtil:101 - -Dio.netty.maxThreadLocalCharBufferSize: 16384
2023-11-03 15:42:24 DEBUG DefaultChannelId:79 - -Dio.netty.processId: 2764 (auto-detected)
2023-11-03 15:42:24 DEBUG NetUtil:148 - -Djava.net.preferIPv4Stack: false
2023-11-03 15:42:24 DEBUG NetUtil:149 - -Djava.net.preferIPv6Addresses: false
2023-11-03 15:42:24 DEBUG NetUtilInitializations:145 - Loopback interface: lo (Software Loopback Interface 1, 127.0.0.1)
2023-11-03 15:42:24 DEBUG NetUtil:206 - Failed to get SOMAXCONN from sysctl and file \proc\sys\net\core\somaxconn. Default: 200
2023-11-03 15:42:24 DEBUG DefaultChannelId:101 - -Dio.netty.machineId: 30:52:cb:ff:fe:74:89:db (auto-detected)
2023-11-03 15:42:24 DEBUG AbstractByteBuf:63 - -Dio.netty.buffer.checkAccessible: true
2023-11-03 15:42:24 DEBUG AbstractByteBuf:64 - -Dio.netty.buffer.checkBounds: true
2023-11-03 15:42:24 DEBUG ResourceLeakDetectorFactory:196 - Loaded default ResourceLeakDetector: io.netty.util.ResourceLeakDetector@2884acd0
2023-11-03 15:42:24 DEBUG Recycler:96 - -Dio.netty.recycler.maxCapacityPerThread: 4096
2023-11-03 15:42:24 DEBUG Recycler:97 - -Dio.netty.recycler.ratio: 8
2023-11-03 15:42:24 DEBUG Recycler:98 - -Dio.netty.recycler.chunkSize: 32
2023-11-03 15:42:24 DEBUG Recycler:99 - -Dio.netty.recycler.blocking: false
2023-11-03 15:42:24 DEBUG Recycler:100 - -Dio.netty.recycler.batchFastThreadLocalOnly: true
2023-11-03 15:42:26 DEBUG Brotli:38 - brotli4j not in the classpath; Brotli support will be unavailable.
2023-11-03 15:42:26 DEBUG ThreadLocalRandom:214 - -Dio.netty.initialSeedUniquifier: 0xaf422fb600a48dac
2023-11-03 15:42:59 DEBUG InternalLoggerFactory:89 - Using Log4J as the default logging framework
2023-11-03 15:42:59 DEBUG ResourceLeakDetector:129 - -Dio.netty.leakDetection.level: simple
2023-11-03 15:42:59 DEBUG ResourceLeakDetector:130 - -Dio.netty.leakDetection.targetRecords: 4
2023-11-03 15:42:59 DEBUG ResourceLeakDetectorFactory:196 - Loaded default ResourceLeakDetector: io.netty.util.ResourceLeakDetector@1280851e
2023-11-03 15:42:59 DEBUG PlatformDependent0:497 - -Dio.netty.noUnsafe: false
2023-11-03 15:42:59 DEBUG PlatformDependent0:1001 - Java version: 11
2023-11-03 15:42:59 DEBUG PlatformDependent0:137 - sun.misc.Unsafe.theUnsafe: available
2023-11-03 15:42:59 DEBUG PlatformDependent0:161 - sun.misc.Unsafe.copyMemory: available
2023-11-03 15:42:59 DEBUG PlatformDependent0:193 - sun.misc.Unsafe.storeFence: available
2023-11-03 15:42:59 DEBUG PlatformDependent0:236 - java.nio.Buffer.address: available
2023-11-03 15:42:59 DEBUG PlatformDependent0:321 - direct buffer constructor: unavailable: Reflective setAccessible(true) disabled
2023-11-03 15:42:59 DEBUG PlatformDependent0:386 - java.nio.Bits.unaligned: available, true
2023-11-03 15:42:59 DEBUG PlatformDependent0:453 - jdk.internal.misc.Unsafe.allocateUninitializedArray(int): unavailable: class io.netty.util.internal.PlatformDependent0$7 cannot access class jdk.internal.misc.Unsafe (in module java.base) because module java.base does not export jdk.internal.misc to unnamed module @3c89bb12
2023-11-03 15:42:59 DEBUG PlatformDependent0:483 - java.nio.DirectByteBuffer.<init>(long, {int,long}): unavailable
2023-11-03 15:42:59 DEBUG PlatformDependent:1159 - sun.misc.Unsafe: available
2023-11-03 15:42:59 DEBUG PlatformDependent:1270 - maxDirectMemory: 1038090240 bytes (maybe)
2023-11-03 15:42:59 DEBUG PlatformDependent:1289 - -Dio.netty.tmpdir: C:\WINDOWS\TEMP (java.io.tmpdir)
2023-11-03 15:42:59 DEBUG PlatformDependent:1368 - -Dio.netty.bitMode: 64 (sun.arch.data.model)
2023-11-03 15:42:59 DEBUG PlatformDependent:1119 - Platform: Windows
2023-11-03 15:42:59 DEBUG PlatformDependent:178 - -Dio.netty.maxDirectMemory: -1 bytes
2023-11-03 15:42:59 DEBUG PlatformDependent:185 - -Dio.netty.uninitializedArrayAllocationThreshold: -1
2023-11-03 15:42:59 DEBUG CleanerJava9:71 - java.nio.ByteBuffer.cleaner(): available
2023-11-03 15:42:59 DEBUG PlatformDependent:205 - -Dio.netty.noPreferDirect: false
2023-11-03 15:42:59 DEBUG PlatformDependent:1010 - org.jctools-core.MpscChunkedArrayQueue: available
2023-11-03 15:42:59 DEBUG InternalThreadLocalMap:100 - -Dio.netty.threadLocalMap.stringBuilder.initialSize: 1024
2023-11-03 15:42:59 DEBUG InternalThreadLocalMap:101 - -Dio.netty.threadLocalMap.stringBuilder.maxSize: 4096
2023-11-03 15:42:59 DEBUG JdkSslContext:83 - Default protocols (JDK): [TLSv1.3, TLSv1.2] 
2023-11-03 15:42:59 DEBUG JdkSslContext:84 - Default cipher suites (JDK): [TLS_ECDHE_ECDSA_WITH_AES_256_GCM_SHA384, TLS_ECDHE_ECDSA_WITH_AES_128_GCM_SHA256, TLS_ECDHE_RSA_WITH_AES_128_GCM_SHA256, TLS_ECDHE_RSA_WITH_AES_256_GCM_SHA384, TLS_ECDHE_RSA_WITH_AES_128_CBC_SHA, TLS_ECDHE_RSA_WITH_AES_256_CBC_SHA, TLS_RSA_WITH_AES_128_GCM_SHA256, TLS_RSA_WITH_AES_128_CBC_SHA, TLS_RSA_WITH_AES_256_CBC_SHA, TLS_AES_128_GCM_SHA256, TLS_AES_256_GCM_SHA384]
2023-11-03 15:42:59 DEBUG GlobalEventExecutor:53 - -Dio.netty.globalEventExecutor.quietPeriodSeconds: 1
2023-11-03 15:42:59 DEBUG MultithreadEventLoopGroup:44 - -Dio.netty.eventLoopThreads: 8
2023-11-03 15:42:59 DEBUG NioEventLoop:110 - -Dio.netty.noKeySetOptimization: false
2023-11-03 15:42:59 DEBUG NioEventLoop:111 - -Dio.netty.selectorAutoRebuildThreshold: 512
2023-11-03 15:42:59 DEBUG PooledByteBufAllocator:157 - -Dio.netty.allocator.numHeapArenas: 8
2023-11-03 15:42:59 DEBUG PooledByteBufAllocator:158 - -Dio.netty.allocator.numDirectArenas: 8
2023-11-03 15:42:59 DEBUG PooledByteBufAllocator:160 - -Dio.netty.allocator.pageSize: 8192
2023-11-03 15:42:59 DEBUG PooledByteBufAllocator:165 - -Dio.netty.allocator.maxOrder: 9
2023-11-03 15:42:59 DEBUG PooledByteBufAllocator:169 - -Dio.netty.allocator.chunkSize: 4194304
2023-11-03 15:42:59 DEBUG PooledByteBufAllocator:170 - -Dio.netty.allocator.smallCacheSize: 256
2023-11-03 15:42:59 DEBUG PooledByteBufAllocator:171 - -Dio.netty.allocator.normalCacheSize: 64
2023-11-03 15:42:59 DEBUG PooledByteBufAllocator:172 - -Dio.netty.allocator.maxCachedBufferCapacity: 32768
2023-11-03 15:42:59 DEBUG PooledByteBufAllocator:173 - -Dio.netty.allocator.cacheTrimInterval: 8192
2023-11-03 15:42:59 DEBUG PooledByteBufAllocator:174 - -Dio.netty.allocator.cacheTrimIntervalMillis: 0
2023-11-03 15:42:59 DEBUG PooledByteBufAllocator:175 - -Dio.netty.allocator.useCacheForAllThreads: false
2023-11-03 15:42:59 DEBUG PooledByteBufAllocator:176 - -Dio.netty.allocator.maxCachedByteBuffersPerChunk: 1023
2023-11-03 15:42:59 DEBUG ByteBufUtil:89 - -Dio.netty.allocator.type: pooled
2023-11-03 15:42:59 DEBUG ByteBufUtil:98 - -Dio.netty.threadLocalDirectBufferSize: 0
2023-11-03 15:42:59 DEBUG ByteBufUtil:101 - -Dio.netty.maxThreadLocalCharBufferSize: 16384
2023-11-03 15:43:00 DEBUG DefaultChannelId:79 - -Dio.netty.processId: 1872 (auto-detected)
2023-11-03 15:43:00 DEBUG NetUtil:148 - -Djava.net.preferIPv4Stack: false
2023-11-03 15:43:00 DEBUG NetUtil:149 - -Djava.net.preferIPv6Addresses: false
2023-11-03 15:43:00 DEBUG NetUtilInitializations:145 - Loopback interface: lo (Software Loopback Interface 1, 127.0.0.1)
2023-11-03 15:43:00 DEBUG NetUtil:206 - Failed to get SOMAXCONN from sysctl and file \proc\sys\net\core\somaxconn. Default: 200
2023-11-03 15:43:00 DEBUG DefaultChannelId:101 - -Dio.netty.machineId: 30:52:cb:ff:fe:74:89:db (auto-detected)
2023-11-03 15:43:00 DEBUG AbstractByteBuf:63 - -Dio.netty.buffer.checkAccessible: true
2023-11-03 15:43:00 DEBUG AbstractByteBuf:64 - -Dio.netty.buffer.checkBounds: true
2023-11-03 15:43:00 DEBUG ResourceLeakDetectorFactory:196 - Loaded default ResourceLeakDetector: io.netty.util.ResourceLeakDetector@98d1997
2023-11-03 15:43:00 DEBUG Recycler:96 - -Dio.netty.recycler.maxCapacityPerThread: 4096
2023-11-03 15:43:00 DEBUG Recycler:97 - -Dio.netty.recycler.ratio: 8
2023-11-03 15:43:00 DEBUG Recycler:98 - -Dio.netty.recycler.chunkSize: 32
2023-11-03 15:43:00 DEBUG Recycler:99 - -Dio.netty.recycler.blocking: false
2023-11-03 15:43:00 DEBUG Recycler:100 - -Dio.netty.recycler.batchFastThreadLocalOnly: true
2023-11-03 15:43:02 DEBUG Brotli:38 - brotli4j not in the classpath; Brotli support will be unavailable.
2023-11-03 15:43:02 DEBUG ThreadLocalRandom:214 - -Dio.netty.initialSeedUniquifier: 0x4e6df3b3f743105f
2023-11-03 15:54:22 DEBUG InternalLoggerFactory:89 - Using Log4J as the default logging framework
2023-11-03 15:54:22 DEBUG ResourceLeakDetector:129 - -Dio.netty.leakDetection.level: simple
2023-11-03 15:54:22 DEBUG ResourceLeakDetector:130 - -Dio.netty.leakDetection.targetRecords: 4
2023-11-03 15:54:22 DEBUG ResourceLeakDetectorFactory:196 - Loaded default ResourceLeakDetector: io.netty.util.ResourceLeakDetector@1280851e
2023-11-03 15:54:22 DEBUG PlatformDependent0:497 - -Dio.netty.noUnsafe: false
2023-11-03 15:54:22 DEBUG PlatformDependent0:1001 - Java version: 11
2023-11-03 15:54:22 DEBUG PlatformDependent0:137 - sun.misc.Unsafe.theUnsafe: available
2023-11-03 15:54:22 DEBUG PlatformDependent0:161 - sun.misc.Unsafe.copyMemory: available
2023-11-03 15:54:22 DEBUG PlatformDependent0:193 - sun.misc.Unsafe.storeFence: available
2023-11-03 15:54:22 DEBUG PlatformDependent0:236 - java.nio.Buffer.address: available
2023-11-03 15:54:22 DEBUG PlatformDependent0:321 - direct buffer constructor: unavailable: Reflective setAccessible(true) disabled
2023-11-03 15:54:22 DEBUG PlatformDependent0:386 - java.nio.Bits.unaligned: available, true
2023-11-03 15:54:22 DEBUG PlatformDependent0:453 - jdk.internal.misc.Unsafe.allocateUninitializedArray(int): unavailable: class io.netty.util.internal.PlatformDependent0$7 cannot access class jdk.internal.misc.Unsafe (in module java.base) because module java.base does not export jdk.internal.misc to unnamed module @3c89bb12
2023-11-03 15:54:22 DEBUG PlatformDependent0:483 - java.nio.DirectByteBuffer.<init>(long, {int,long}): unavailable
2023-11-03 15:54:22 DEBUG PlatformDependent:1159 - sun.misc.Unsafe: available
2023-11-03 15:54:22 DEBUG PlatformDependent:1270 - maxDirectMemory: 1038090240 bytes (maybe)
2023-11-03 15:54:22 DEBUG PlatformDependent:1289 - -Dio.netty.tmpdir: C:\WINDOWS\TEMP (java.io.tmpdir)
2023-11-03 15:54:22 DEBUG PlatformDependent:1368 - -Dio.netty.bitMode: 64 (sun.arch.data.model)
2023-11-03 15:54:22 DEBUG PlatformDependent:1119 - Platform: Windows
2023-11-03 15:54:22 DEBUG PlatformDependent:178 - -Dio.netty.maxDirectMemory: -1 bytes
2023-11-03 15:54:22 DEBUG PlatformDependent:185 - -Dio.netty.uninitializedArrayAllocationThreshold: -1
2023-11-03 15:54:22 DEBUG CleanerJava9:71 - java.nio.ByteBuffer.cleaner(): available
2023-11-03 15:54:22 DEBUG PlatformDependent:205 - -Dio.netty.noPreferDirect: false
2023-11-03 15:54:22 DEBUG PlatformDependent:1010 - org.jctools-core.MpscChunkedArrayQueue: available
2023-11-03 15:54:22 DEBUG InternalThreadLocalMap:100 - -Dio.netty.threadLocalMap.stringBuilder.initialSize: 1024
2023-11-03 15:54:22 DEBUG InternalThreadLocalMap:101 - -Dio.netty.threadLocalMap.stringBuilder.maxSize: 4096
2023-11-03 15:54:22 DEBUG JdkSslContext:83 - Default protocols (JDK): [TLSv1.3, TLSv1.2] 
2023-11-03 15:54:22 DEBUG JdkSslContext:84 - Default cipher suites (JDK): [TLS_ECDHE_ECDSA_WITH_AES_256_GCM_SHA384, TLS_ECDHE_ECDSA_WITH_AES_128_GCM_SHA256, TLS_ECDHE_RSA_WITH_AES_128_GCM_SHA256, TLS_ECDHE_RSA_WITH_AES_256_GCM_SHA384, TLS_ECDHE_RSA_WITH_AES_128_CBC_SHA, TLS_ECDHE_RSA_WITH_AES_256_CBC_SHA, TLS_RSA_WITH_AES_128_GCM_SHA256, TLS_RSA_WITH_AES_128_CBC_SHA, TLS_RSA_WITH_AES_256_CBC_SHA, TLS_AES_128_GCM_SHA256, TLS_AES_256_GCM_SHA384]
2023-11-03 15:54:22 DEBUG GlobalEventExecutor:53 - -Dio.netty.globalEventExecutor.quietPeriodSeconds: 1
2023-11-03 15:54:22 DEBUG MultithreadEventLoopGroup:44 - -Dio.netty.eventLoopThreads: 8
2023-11-03 15:54:22 DEBUG NioEventLoop:110 - -Dio.netty.noKeySetOptimization: false
2023-11-03 15:54:22 DEBUG NioEventLoop:111 - -Dio.netty.selectorAutoRebuildThreshold: 512
2023-11-03 15:54:22 DEBUG PooledByteBufAllocator:157 - -Dio.netty.allocator.numHeapArenas: 8
2023-11-03 15:54:22 DEBUG PooledByteBufAllocator:158 - -Dio.netty.allocator.numDirectArenas: 8
2023-11-03 15:54:22 DEBUG PooledByteBufAllocator:160 - -Dio.netty.allocator.pageSize: 8192
2023-11-03 15:54:22 DEBUG PooledByteBufAllocator:165 - -Dio.netty.allocator.maxOrder: 9
2023-11-03 15:54:22 DEBUG PooledByteBufAllocator:169 - -Dio.netty.allocator.chunkSize: 4194304
2023-11-03 15:54:22 DEBUG PooledByteBufAllocator:170 - -Dio.netty.allocator.smallCacheSize: 256
2023-11-03 15:54:22 DEBUG PooledByteBufAllocator:171 - -Dio.netty.allocator.normalCacheSize: 64
2023-11-03 15:54:22 DEBUG PooledByteBufAllocator:172 - -Dio.netty.allocator.maxCachedBufferCapacity: 32768
2023-11-03 15:54:22 DEBUG PooledByteBufAllocator:173 - -Dio.netty.allocator.cacheTrimInterval: 8192
2023-11-03 15:54:22 DEBUG PooledByteBufAllocator:174 - -Dio.netty.allocator.cacheTrimIntervalMillis: 0
2023-11-03 15:54:22 DEBUG PooledByteBufAllocator:175 - -Dio.netty.allocator.useCacheForAllThreads: false
2023-11-03 15:54:22 DEBUG PooledByteBufAllocator:176 - -Dio.netty.allocator.maxCachedByteBuffersPerChunk: 1023
2023-11-03 15:54:22 DEBUG ByteBufUtil:89 - -Dio.netty.allocator.type: pooled
2023-11-03 15:54:22 DEBUG ByteBufUtil:98 - -Dio.netty.threadLocalDirectBufferSize: 0
2023-11-03 15:54:22 DEBUG ByteBufUtil:101 - -Dio.netty.maxThreadLocalCharBufferSize: 16384
2023-11-03 15:54:23 DEBUG DefaultChannelId:79 - -Dio.netty.processId: 7836 (auto-detected)
2023-11-03 15:54:23 DEBUG NetUtil:148 - -Djava.net.preferIPv4Stack: false
2023-11-03 15:54:23 DEBUG NetUtil:149 - -Djava.net.preferIPv6Addresses: false
2023-11-03 15:54:24 DEBUG NetUtilInitializations:145 - Loopback interface: lo (Software Loopback Interface 1, 127.0.0.1)
2023-11-03 15:54:24 DEBUG NetUtil:206 - Failed to get SOMAXCONN from sysctl and file \proc\sys\net\core\somaxconn. Default: 200
2023-11-03 15:54:24 DEBUG DefaultChannelId:101 - -Dio.netty.machineId: 30:52:cb:ff:fe:74:89:db (auto-detected)
2023-11-03 15:54:24 DEBUG AbstractByteBuf:63 - -Dio.netty.buffer.checkAccessible: true
2023-11-03 15:54:24 DEBUG AbstractByteBuf:64 - -Dio.netty.buffer.checkBounds: true
2023-11-03 15:54:24 DEBUG ResourceLeakDetectorFactory:196 - Loaded default ResourceLeakDetector: io.netty.util.ResourceLeakDetector@50cdf496
2023-11-03 15:54:24 DEBUG Recycler:96 - -Dio.netty.recycler.maxCapacityPerThread: 4096
2023-11-03 15:54:24 DEBUG Recycler:97 - -Dio.netty.recycler.ratio: 8
2023-11-03 15:54:24 DEBUG Recycler:98 - -Dio.netty.recycler.chunkSize: 32
2023-11-03 15:54:24 DEBUG Recycler:99 - -Dio.netty.recycler.blocking: false
2023-11-03 15:54:24 DEBUG Recycler:100 - -Dio.netty.recycler.batchFastThreadLocalOnly: true
2023-11-03 15:54:25 DEBUG Brotli:38 - brotli4j not in the classpath; Brotli support will be unavailable.
2023-11-03 15:54:25 DEBUG ThreadLocalRandom:214 - -Dio.netty.initialSeedUniquifier: 0xe20f08f998d0465b
